         ps       /s1bit/x                
          delta     /s1bit/y              
                    /s1bit/cen            
                        /s1bit/s          
                       /s1bit/csal        
          0  +0          0 0 0 U U 
          0  +1          0 0 0 0 0 
       2500  +0          1 0 0 0 0 
       2500  +1          1 0 0 1 0 
       5000  +0          0 1 0 1 0 
       7500  +0          1 1 0 1 0 
       7500  +1          1 1 0 0 1 
      10000  +0          0 0 1 0 1 
      10000  +1          0 0 1 1 0 
      12500  +0          1 0 1 1 0 
      12500  +1          1 0 1 0 1 
      15000  +0          0 1 1 0 1 
      17500  +0          1 1 1 0 1 
      17500  +1          1 1 1 1 1 
      20000  +0          0 0 0 1 1 
      20000  +1          0 0 0 0 0 
