Analysis & Synthesis report for snBCD
Tue Mar 19 16:35:43 2019
Quartus II 32-bit Version 13.0.1 Build 232 06/12/2013 Service Pack 1 SJ Web Edition


---------------------
; Table of Contents ;
---------------------
  1. Legal Notice
  2. Analysis & Synthesis Summary
  3. Analysis & Synthesis Settings
  4. Parallel Compilation
  5. Analysis & Synthesis Source Files Read
  6. Analysis & Synthesis Resource Usage Summary
  7. Analysis & Synthesis Resource Utilization by Entity
  8. General Register Statistics
  9. Port Connectivity Checks: "s1bcd:\sumador:0:sumi|mayor9:cosa|snbits:suma"
 10. Elapsed Time Per Partition
 11. Analysis & Synthesis Messages



----------------
; Legal Notice ;
----------------
Copyright (C) 1991-2013 Altera Corporation
Your use of Altera Corporation's design tools, logic functions 
and other software and tools, and its AMPP partner logic 
functions, and any output files from any of the foregoing 
(including device programming or simulation files), and any 
associated documentation or information are expressly subject 
to the terms and conditions of the Altera Program License 
Subscription Agreement, Altera MegaCore Function License 
Agreement, or other applicable license agreement, including, 
without limitation, that your use is for the sole purpose of 
programming logic devices manufactured by Altera and sold by 
Altera or its authorized distributors.  Please refer to the 
applicable agreement for further details.



+--------------------------------------------------------------------------------------+
; Analysis & Synthesis Summary                                                         ;
+------------------------------------+-------------------------------------------------+
; Analysis & Synthesis Status        ; Successful - Tue Mar 19 16:35:43 2019           ;
; Quartus II 32-bit Version          ; 13.0.1 Build 232 06/12/2013 SP 1 SJ Web Edition ;
; Revision Name                      ; snBCD                                           ;
; Top-level Entity Name              ; snBCD                                           ;
; Family                             ; Cyclone IV GX                                   ;
; Total logic elements               ; 20                                              ;
;     Total combinational functions  ; 20                                              ;
;     Dedicated logic registers      ; 0                                               ;
; Total registers                    ; 0                                               ;
; Total pins                         ; 26                                              ;
; Total virtual pins                 ; 0                                               ;
; Total memory bits                  ; 0                                               ;
; Embedded Multiplier 9-bit elements ; 0                                               ;
; Total GXB Receiver Channel PCS     ; 0                                               ;
; Total GXB Receiver Channel PMA     ; 0                                               ;
; Total GXB Transmitter Channel PCS  ; 0                                               ;
; Total GXB Transmitter Channel PMA  ; 0                                               ;
; Total PLLs                         ; 0                                               ;
+------------------------------------+-------------------------------------------------+


+----------------------------------------------------------------------------------------------------------------------+
; Analysis & Synthesis Settings                                                                                        ;
+----------------------------------------------------------------------------+--------------------+--------------------+
; Option                                                                     ; Setting            ; Default Value      ;
+----------------------------------------------------------------------------+--------------------+--------------------+
; Device                                                                     ; EP4CGX30CF23C6     ;                    ;
; Top-level entity name                                                      ; snBCD              ; snBCD              ;
; Family name                                                                ; Cyclone IV GX      ; Cyclone IV GX      ;
; Use smart compilation                                                      ; Off                ; Off                ;
; Enable parallel Assembler and TimeQuest Timing Analyzer during compilation ; On                 ; On                 ;
; Enable compact report table                                                ; Off                ; Off                ;
; Restructure Multiplexers                                                   ; Auto               ; Auto               ;
; Create Debugging Nodes for IP Cores                                        ; Off                ; Off                ;
; Preserve fewer node names                                                  ; On                 ; On                 ;
; Disable OpenCore Plus hardware evaluation                                  ; Off                ; Off                ;
; Verilog Version                                                            ; Verilog_2001       ; Verilog_2001       ;
; VHDL Version                                                               ; VHDL_1993          ; VHDL_1993          ;
; State Machine Processing                                                   ; Auto               ; Auto               ;
; Safe State Machine                                                         ; Off                ; Off                ;
; Extract Verilog State Machines                                             ; On                 ; On                 ;
; Extract VHDL State Machines                                                ; On                 ; On                 ;
; Ignore Verilog initial constructs                                          ; Off                ; Off                ;
; Iteration limit for constant Verilog loops                                 ; 5000               ; 5000               ;
; Iteration limit for non-constant Verilog loops                             ; 250                ; 250                ;
; Add Pass-Through Logic to Inferred RAMs                                    ; On                 ; On                 ;
; Infer RAMs from Raw Logic                                                  ; On                 ; On                 ;
; Parallel Synthesis                                                         ; On                 ; On                 ;
; DSP Block Balancing                                                        ; Auto               ; Auto               ;
; NOT Gate Push-Back                                                         ; On                 ; On                 ;
; Power-Up Don't Care                                                        ; On                 ; On                 ;
; Remove Redundant Logic Cells                                               ; Off                ; Off                ;
; Remove Duplicate Registers                                                 ; On                 ; On                 ;
; Ignore CARRY Buffers                                                       ; Off                ; Off                ;
; Ignore CASCADE Buffers                                                     ; Off                ; Off                ;
; Ignore GLOBAL Buffers                                                      ; Off                ; Off                ;
; Ignore ROW GLOBAL Buffers                                                  ; Off                ; Off                ;
; Ignore LCELL Buffers                                                       ; Off                ; Off                ;
; Ignore SOFT Buffers                                                        ; On                 ; On                 ;
; Limit AHDL Integers to 32 Bits                                             ; Off                ; Off                ;
; Optimization Technique                                                     ; Balanced           ; Balanced           ;
; Carry Chain Length                                                         ; 70                 ; 70                 ;
; Auto Carry Chains                                                          ; On                 ; On                 ;
; Auto Open-Drain Pins                                                       ; On                 ; On                 ;
; Perform WYSIWYG Primitive Resynthesis                                      ; Off                ; Off                ;
; Auto ROM Replacement                                                       ; On                 ; On                 ;
; Auto RAM Replacement                                                       ; On                 ; On                 ;
; Auto DSP Block Replacement                                                 ; On                 ; On                 ;
; Auto Shift Register Replacement                                            ; Auto               ; Auto               ;
; Allow Shift Register Merging across Hierarchies                            ; Auto               ; Auto               ;
; Auto Clock Enable Replacement                                              ; On                 ; On                 ;
; Strict RAM Replacement                                                     ; Off                ; Off                ;
; Allow Synchronous Control Signals                                          ; On                 ; On                 ;
; Force Use of Synchronous Clear Signals                                     ; Off                ; Off                ;
; Auto RAM Block Balancing                                                   ; On                 ; On                 ;
; Auto RAM to Logic Cell Conversion                                          ; Off                ; Off                ;
; Auto Resource Sharing                                                      ; Off                ; Off                ;
; Allow Any RAM Size For Recognition                                         ; Off                ; Off                ;
; Allow Any ROM Size For Recognition                                         ; Off                ; Off                ;
; Allow Any Shift Register Size For Recognition                              ; Off                ; Off                ;
; Use LogicLock Constraints during Resource Balancing                        ; On                 ; On                 ;
; Ignore translate_off and synthesis_off directives                          ; Off                ; Off                ;
; Timing-Driven Synthesis                                                    ; On                 ; On                 ;
; Report Parameter Settings                                                  ; On                 ; On                 ;
; Report Source Assignments                                                  ; On                 ; On                 ;
; Report Connectivity Checks                                                 ; On                 ; On                 ;
; Ignore Maximum Fan-Out Assignments                                         ; Off                ; Off                ;
; Synchronization Register Chain Length                                      ; 2                  ; 2                  ;
; PowerPlay Power Optimization                                               ; Normal compilation ; Normal compilation ;
; HDL message level                                                          ; Level2             ; Level2             ;
; Suppress Register Optimization Related Messages                            ; Off                ; Off                ;
; Number of Removed Registers Reported in Synthesis Report                   ; 5000               ; 5000               ;
; Number of Swept Nodes Reported in Synthesis Report                         ; 5000               ; 5000               ;
; Number of Inverted Registers Reported in Synthesis Report                  ; 100                ; 100                ;
; Clock MUX Protection                                                       ; On                 ; On                 ;
; Auto Gated Clock Conversion                                                ; Off                ; Off                ;
; Block Design Naming                                                        ; Auto               ; Auto               ;
; SDC constraint protection                                                  ; Off                ; Off                ;
; Synthesis Effort                                                           ; Auto               ; Auto               ;
; Shift Register Replacement - Allow Asynchronous Clear Signal               ; On                 ; On                 ;
; Pre-Mapping Resynthesis Optimization                                       ; Off                ; Off                ;
; Analysis & Synthesis Message Level                                         ; Medium             ; Medium             ;
; Disable Register Merging Across Hierarchies                                ; Auto               ; Auto               ;
; Resource Aware Inference For Block RAM                                     ; On                 ; On                 ;
; Synthesis Seed                                                             ; 1                  ; 1                  ;
+----------------------------------------------------------------------------+--------------------+--------------------+


Parallel compilation was disabled, but you have multiple processors available. Enable parallel compilation to reduce compilation time.
+-------------------------------------+
; Parallel Compilation                ;
+----------------------------+--------+
; Processors                 ; Number ;
+----------------------------+--------+
; Number detected on machine ; 8      ;
; Maximum allowed            ; 1      ;
+----------------------------+--------+


+------------------------------------------------------------------------------------------------------------------------------------------------------------------------------------------------------------------------------------------------------------------------------------------------------------------------------------------------------+
; Analysis & Synthesis Source Files Read                                                                                                                                                                                                                                                                                                               ;
+-----------------------------------------------------------------------------------------+-----------------+-----------------------+--------------------------------------------------------------------------------------------------------------------------------------------------------------------------------------------------------+---------+
; File Name with User-Entered Path                                                        ; Used in Netlist ; File Type             ; File Name with Absolute Path                                                                                                                                                                           ; Library ;
+-----------------------------------------------------------------------------------------+-----------------+-----------------------+--------------------------------------------------------------------------------------------------------------------------------------------------------------------------------------------------------+---------+
; ../../../../../../../tipos_ctes_pkg/retardos_bcd_pkg.vhd                                ; yes             ; User VHDL File        ; /home2/users/alumnes/1215461/ac2/LAB2/BCD/tipos_ctes_pkg/retardos_bcd_pkg.vhd                                                                                                                          ;         ;
; ../../../../../../../tipos_ctes_pkg/cte_tipos_bcd_pkg.vhd                               ; yes             ; User VHDL File        ; /home2/users/alumnes/1215461/ac2/LAB2/BCD/tipos_ctes_pkg/cte_tipos_bcd_pkg.vhd                                                                                                                         ;         ;
; ../../COMPONENTES/componentes_sum_bcd_pkg/componentes_s1BCD_pkg.vhd                     ; yes             ; User VHDL File        ; /home2/users/alumnes/1215461/ac2/LAB2/BCD/Suma_algebraica_BCD/COMPONENTES/SUMA_enteros_BCD/COMPONENTES/SUMA_natu_BCD/COMPONENTES/componentes_sum_bcd_pkg/componentes_s1BCD_pkg.vhd                     ;         ;
; ../../COMPONENTES/sum_digito_BCD/componentes_dig_BCD_pkg/componentes_digito_bcd_pkg.vhd ; yes             ; User VHDL File        ; /home2/users/alumnes/1215461/ac2/LAB2/BCD/Suma_algebraica_BCD/COMPONENTES/SUMA_enteros_BCD/COMPONENTES/SUMA_natu_BCD/COMPONENTES/sum_digito_BCD/componentes_dig_BCD_pkg/componentes_digito_bcd_pkg.vhd ;         ;
; ../CODIGO/snBCD.vhd                                                                     ; yes             ; User VHDL File        ; /home2/users/alumnes/1215461/ac2/LAB2/BCD/Suma_algebraica_BCD/COMPONENTES/SUMA_enteros_BCD/COMPONENTES/SUMA_natu_BCD/sum_n_digitos_BCD/CODIGO/snBCD.vhd                                                ;         ;
; s1bcd.vhd                                                                               ; yes             ; Auto-Found VHDL File  ; /home2/users/alumnes/1215461/ac2/LAB2/BCD/Suma_algebraica_BCD/COMPONENTES/SUMA_enteros_BCD/COMPONENTES/SUMA_natu_BCD/COMPONENTES/sum_digito_BCD/suma_dos_digitos_BCD/CODIGO/s1bcd.vhd                  ;         ;
; snbits.vhd                                                                              ; yes             ; Auto-Found VHDL File  ; /home2/users/alumnes/1215461/ac2/LAB2/BCD/Suma_algebraica_BCD/COMPONENTES/SUMA_enteros_BCD/COMPONENTES/SUMA_natu_BCD/COMPONENTES/sum_digito_BCD/COMPONENTES/sumador_binario/CODIGO/snbits.vhd          ;         ;
; mayor9.vhd                                                                              ; yes             ; Auto-Found VHDL File  ; /home2/users/alumnes/1215461/ac2/LAB2/BCD/Suma_algebraica_BCD/COMPONENTES/SUMA_enteros_BCD/COMPONENTES/SUMA_natu_BCD/COMPONENTES/sum_digito_BCD/COMPONENTES/mayor9/CODIGO/mayor9.vhd                   ;         ;
+-----------------------------------------------------------------------------------------+-----------------+-----------------------+--------------------------------------------------------------------------------------------------------------------------------------------------------------------------------------------------------+---------+


+--------------------------------------------------------------------------+
; Analysis & Synthesis Resource Usage Summary                              ;
+--------------------------+-----------------------------------------------+
; Resource                 ; Usage                                         ;
+--------------------------+-----------------------------------------------+
; I/O pins                 ; 26                                            ;
; DSP block 9-bit elements ; 0                                             ;
; Maximum fan-out node     ; s1bcd:\sumador:0:sumi|snbits:s4bits1|sum[1]~2 ;
; Maximum fan-out          ; 5                                             ;
; Total fan-out            ; 95                                            ;
; Average fan-out          ; 1.32                                          ;
+--------------------------+-----------------------------------------------+


+-----------------------------------------------------------------------------------------------------------------------------------------------------------------------------------------------------------------+
; Analysis & Synthesis Resource Utilization by Entity                                                                                                                                                             ;
+----------------------------+-------------------+--------------+-------------+--------------+---------+-----------+-----------+------+--------------+---------------------------------------------+--------------+
; Compilation Hierarchy Node ; LC Combinationals ; LC Registers ; Memory Bits ; DSP Elements ; DSP 9x9 ; DSP 18x18 ; DSP 36x36 ; Pins ; Virtual Pins ; Full Hierarchy Name                         ; Library Name ;
+----------------------------+-------------------+--------------+-------------+--------------+---------+-----------+-----------+------+--------------+---------------------------------------------+--------------+
; |snBCD                     ; 20 (0)            ; 0 (0)        ; 0           ; 0            ; 0       ; 0         ; 0         ; 26   ; 0            ; |snBCD                                      ; work         ;
;    |s1bcd:\sumador:0:sumi| ; 10 (0)            ; 0 (0)        ; 0           ; 0            ; 0       ; 0         ; 0         ; 0    ; 0            ; |snBCD|s1bcd:\sumador:0:sumi                ; work         ;
;       |mayor9:cosa|        ; 4 (4)             ; 0 (0)        ; 0           ; 0            ; 0       ; 0         ; 0         ; 0    ; 0            ; |snBCD|s1bcd:\sumador:0:sumi|mayor9:cosa    ; work         ;
;       |snbits:s4bits1|     ; 6 (6)             ; 0 (0)        ; 0           ; 0            ; 0       ; 0         ; 0         ; 0    ; 0            ; |snBCD|s1bcd:\sumador:0:sumi|snbits:s4bits1 ; work         ;
;    |s1bcd:\sumador:1:sumi| ; 10 (0)            ; 0 (0)        ; 0           ; 0            ; 0       ; 0         ; 0         ; 0    ; 0            ; |snBCD|s1bcd:\sumador:1:sumi                ; work         ;
;       |mayor9:cosa|        ; 4 (4)             ; 0 (0)        ; 0           ; 0            ; 0       ; 0         ; 0         ; 0    ; 0            ; |snBCD|s1bcd:\sumador:1:sumi|mayor9:cosa    ; work         ;
;       |snbits:s4bits1|     ; 6 (6)             ; 0 (0)        ; 0           ; 0            ; 0       ; 0         ; 0         ; 0    ; 0            ; |snBCD|s1bcd:\sumador:1:sumi|snbits:s4bits1 ; work         ;
+----------------------------+-------------------+--------------+-------------+--------------+---------+-----------+-----------+------+--------------+---------------------------------------------+--------------+
Note: For table entries with two numbers listed, the numbers in parentheses indicate the number of resources of the given type used by the specific entity alone. The numbers listed outside of parentheses indicate the total resources of the given type used by the specific entity and all of its sub-entities in the hierarchy.


+------------------------------------------------------+
; General Register Statistics                          ;
+----------------------------------------------+-------+
; Statistic                                    ; Value ;
+----------------------------------------------+-------+
; Total registers                              ; 0     ;
; Number of registers using Synchronous Clear  ; 0     ;
; Number of registers using Synchronous Load   ; 0     ;
; Number of registers using Asynchronous Clear ; 0     ;
; Number of registers using Asynchronous Load  ; 0     ;
; Number of registers using Clock Enable       ; 0     ;
; Number of registers using Preset             ; 0     ;
+----------------------------------------------+-------+


+-------------------------------------------------------------------------------------------------------------------+
; Port Connectivity Checks: "s1bcd:\sumador:0:sumi|mayor9:cosa|snbits:suma"                                         ;
+---------+--------+----------+-------------------------------------------------------------------------------------+
; Port    ; Type   ; Severity ; Details                                                                             ;
+---------+--------+----------+-------------------------------------------------------------------------------------+
; y[2..1] ; Input  ; Info     ; Stuck at VCC                                                                        ;
; y[3]    ; Input  ; Info     ; Stuck at GND                                                                        ;
; y[0]    ; Input  ; Info     ; Stuck at GND                                                                        ;
; cen     ; Input  ; Info     ; Stuck at GND                                                                        ;
; csal    ; Output ; Info     ; Connected to dangling logic. Logic that only feeds a dangling port will be removed. ;
+---------+--------+----------+-------------------------------------------------------------------------------------+


+-------------------------------+
; Elapsed Time Per Partition    ;
+----------------+--------------+
; Partition Name ; Elapsed Time ;
+----------------+--------------+
; Top            ; 00:00:00     ;
+----------------+--------------+


+-------------------------------+
; Analysis & Synthesis Messages ;
+-------------------------------+
Info: *******************************************************************
Info: Running Quartus II 32-bit Analysis & Synthesis
    Info: Version 13.0.1 Build 232 06/12/2013 Service Pack 1 SJ Web Edition
    Info: Processing started: Tue Mar 19 16:35:41 2019
Info: Command: quartus_map --read_settings_files=on --write_settings_files=off snBCD -c snBCD
Warning (20028): Parallel compilation is not licensed and has been disabled
Info (12021): Found 1 design units, including 0 entities, in source file /home2/users/alumnes/1215461/ac2/LAB2/BCD/tipos_ctes_pkg/retardos_bcd_pkg.vhd
    Info (12022): Found design unit 1: retardos_bcd_pkg
Info (12021): Found 1 design units, including 0 entities, in source file /home2/users/alumnes/1215461/ac2/LAB2/BCD/tipos_ctes_pkg/cte_tipos_bcd_pkg.vhd
    Info (12022): Found design unit 1: cte_tipos_bcd_pkg
Info (12021): Found 1 design units, including 0 entities, in source file /home2/users/alumnes/1215461/ac2/LAB2/BCD/Suma_algebraica_BCD/COMPONENTES/SUMA_enteros_BCD/COMPONENTES/SUMA_natu_BCD/COMPONENTES/componentes_sum_bcd_pkg/componentes_s1BCD_pkg.vhd
    Info (12022): Found design unit 1: componentes_s1BCD_pkg
Info (12021): Found 1 design units, including 0 entities, in source file /home2/users/alumnes/1215461/ac2/LAB2/BCD/Suma_algebraica_BCD/COMPONENTES/SUMA_enteros_BCD/COMPONENTES/SUMA_natu_BCD/COMPONENTES/sum_digito_BCD/componentes_dig_BCD_pkg/componentes_digito_bcd_pkg.vhd
    Info (12022): Found design unit 1: componentes_digito_bcd_pkg
Info (12021): Found 2 design units, including 1 entities, in source file /home2/users/alumnes/1215461/ac2/LAB2/BCD/Suma_algebraica_BCD/COMPONENTES/SUMA_enteros_BCD/COMPONENTES/SUMA_natu_BCD/sum_n_digitos_BCD/CODIGO/snBCD.vhd
    Info (12022): Found design unit 1: snBCD-estructural
    Info (12023): Found entity 1: snBCD
Info (12127): Elaborating entity "snBCD" for the top level hierarchy
Warning (12125): Using design file /home2/users/alumnes/1215461/ac2/LAB2/BCD/Suma_algebraica_BCD/COMPONENTES/SUMA_enteros_BCD/COMPONENTES/SUMA_natu_BCD/COMPONENTES/sum_digito_BCD/suma_dos_digitos_BCD/CODIGO/s1bcd.vhd, which is not specified as a design file for the current project, but contains definitions for 2 design units and 1 entities in project
    Info (12022): Found design unit 1: s1bcd-compor
    Info (12023): Found entity 1: s1bcd
Info (12128): Elaborating entity "s1bcd" for hierarchy "s1bcd:\sumador:0:sumi"
Warning (12125): Using design file /home2/users/alumnes/1215461/ac2/LAB2/BCD/Suma_algebraica_BCD/COMPONENTES/SUMA_enteros_BCD/COMPONENTES/SUMA_natu_BCD/COMPONENTES/sum_digito_BCD/COMPONENTES/sumador_binario/CODIGO/snbits.vhd, which is not specified as a design file for the current project, but contains definitions for 2 design units and 1 entities in project
    Info (12022): Found design unit 1: snbits-compor
    Info (12023): Found entity 1: snbits
Info (12128): Elaborating entity "snbits" for hierarchy "s1bcd:\sumador:0:sumi|snbits:s4bits1"
Warning (12125): Using design file /home2/users/alumnes/1215461/ac2/LAB2/BCD/Suma_algebraica_BCD/COMPONENTES/SUMA_enteros_BCD/COMPONENTES/SUMA_natu_BCD/COMPONENTES/sum_digito_BCD/COMPONENTES/mayor9/CODIGO/mayor9.vhd, which is not specified as a design file for the current project, but contains definitions for 2 design units and 1 entities in project
    Info (12022): Found design unit 1: mayor9-comportamiento
    Info (12023): Found entity 1: mayor9
Info (12128): Elaborating entity "mayor9" for hierarchy "s1bcd:\sumador:0:sumi|mayor9:cosa"
Warning (10036): Verilog HDL or VHDL warning at mayor9.vhd(33): object "senyal_inutil" assigned a value but never read
Info (286030): Timing-Driven Synthesis is running
Info (16010): Generating hard_block partition "hard_block:auto_generated_inst"
    Info (16011): Adding 0 node(s), including 0 DDIO, 0 PLL, 0 transceiver and 0 LCELL
Info (21057): Implemented 46 device resources after synthesis - the final resource count might be different
    Info (21058): Implemented 17 input pins
    Info (21059): Implemented 9 output pins
    Info (21061): Implemented 20 logic cells
Info: Quartus II 32-bit Analysis & Synthesis was successful. 0 errors, 5 warnings
    Info: Peak virtual memory: 395 megabytes
    Info: Processing ended: Tue Mar 19 16:35:43 2019
    Info: Elapsed time: 00:00:02
    Info: Total CPU time (on all processors): 00:00:02


