Flow report for sAlgeBCD
Tue Mar 19 19:09:56 2019
Quartus II 32-bit Version 13.0.1 Build 232 06/12/2013 Service Pack 1 SJ Web Edition


---------------------
; Table of Contents ;
---------------------
  1. Legal Notice
  2. Flow Summary
  3. Flow Settings
  4. Flow Non-Default Global Settings
  5. Flow Elapsed Time
  6. Flow OS Summary
  7. Flow Log
  8. Flow Messages
  9. Flow Suppressed Messages



----------------
; Legal Notice ;
----------------
Copyright (C) 1991-2013 Altera Corporation
Your use of Altera Corporation's design tools, logic functions 
and other software and tools, and its AMPP partner logic 
functions, and any output files from any of the foregoing 
(including device programming or simulation files), and any 
associated documentation or information are expressly subject 
to the terms and conditions of the Altera Program License 
Subscription Agreement, Altera MegaCore Function License 
Agreement, or other applicable license agreement, including, 
without limitation, that your use is for the sole purpose of 
programming logic devices manufactured by Altera and sold by 
Altera or its authorized distributors.  Please refer to the 
applicable agreement for further details.



+--------------------------------------------------------------------------------------+
; Flow Summary                                                                         ;
+------------------------------------+-------------------------------------------------+
; Flow Status                        ; Successful - Tue Mar 19 19:09:56 2019           ;
; Quartus II 32-bit Version          ; 13.0.1 Build 232 06/12/2013 SP 1 SJ Web Edition ;
; Revision Name                      ; sAlgeBCD                                        ;
; Top-level Entity Name              ; sAlgeBCD                                        ;
; Family                             ; Cyclone IV GX                                   ;
; Device                             ; EP4CGX30CF23C6                                  ;
; Timing Models                      ; Final                                           ;
; Total logic elements               ; 30                                              ;
;     Total combinational functions  ; 30                                              ;
;     Dedicated logic registers      ; 0                                               ;
; Total registers                    ; 0                                               ;
; Total pins                         ; 29                                              ;
; Total virtual pins                 ; 0                                               ;
; Total memory bits                  ; 0                                               ;
; Embedded Multiplier 9-bit elements ; 0                                               ;
; Total GXB Receiver Channel PCS     ; 0                                               ;
; Total GXB Receiver Channel PMA     ; 0                                               ;
; Total GXB Transmitter Channel PCS  ; 0                                               ;
; Total GXB Transmitter Channel PMA  ; 0                                               ;
; Total PLLs                         ; 0                                               ;
+------------------------------------+-------------------------------------------------+


+-----------------------------------------+
; Flow Settings                           ;
+-------------------+---------------------+
; Option            ; Setting             ;
+-------------------+---------------------+
; Start date & time ; 03/19/2019 19:09:54 ;
; Main task         ; Compilation         ;
; Revision Name     ; sAlgeBCD            ;
+-------------------+---------------------+


+---------------------------------------------------------------------------------------------------------------------------------------------------------------------------------------------------------------------+
; Flow Non-Default Global Settings                                                                                                                                                                                    ;
+----------------------------------------+----------------------------------------------------------------------------------------------------------------------------+---------------+-------------+-----------------+
; Assignment Name                        ; Value                                                                                                                      ; Default Value ; Entity Name ; Section Id      ;
+----------------------------------------+----------------------------------------------------------------------------------------------------------------------------+---------------+-------------+-----------------+
; COMPILER_SIGNATURE_ID                  ; 18587647225075.155301899406125                                                                                             ; --            ; --          ; --              ;
; EDA_DESIGN_INSTANCE_NAME               ; NA                                                                                                                         ; --            ; --          ; prueba_sAlgeBCD ;
; EDA_NATIVELINK_SIMULATION_SETUP_SCRIPT ; ../PRUEBAS/formato_ventanas.do                                                                                             ; --            ; --          ; eda_simulation  ;
; EDA_NATIVELINK_SIMULATION_TEST_BENCH   ; prueba_sAlgeBCD                                                                                                            ; --            ; --          ; eda_simulation  ;
; EDA_OUTPUT_DATA_FORMAT                 ; Vhdl                                                                                                                       ; --            ; --          ; eda_simulation  ;
; EDA_SIMULATION_TOOL                    ; ModelSim-Altera (VHDL)                                                                                                     ; <None>        ; --          ; --              ;
; EDA_TEST_BENCH_ENABLE_STATUS           ; TEST_BENCH_MODE                                                                                                            ; --            ; --          ; eda_simulation  ;
; EDA_TEST_BENCH_FILE                    ; ../PRUEBAS/prueba_sAlgeBCD.vhd                                                                                             ; --            ; --          ; prueba_sAlgeBCD ;
; EDA_TEST_BENCH_MODULE_NAME             ; prueba_sAlgeBCD                                                                                                            ; --            ; --          ; prueba_sAlgeBCD ;
; EDA_TEST_BENCH_NAME                    ; prueba_sAlgeBCD                                                                                                            ; --            ; --          ; eda_simulation  ;
; MAX_CORE_JUNCTION_TEMP                 ; 85                                                                                                                         ; --            ; --          ; --              ;
; MIN_CORE_JUNCTION_TEMP                 ; 0                                                                                                                          ; --            ; --          ; --              ;
; NOMINAL_CORE_SUPPLY_VOLTAGE            ; 1.2V                                                                                                                       ; --            ; --          ; --              ;
; PARTITION_COLOR                        ; 16764057                                                                                                                   ; --            ; --          ; Top             ;
; PARTITION_FITTER_PRESERVATION_LEVEL    ; PLACEMENT_AND_ROUTING                                                                                                      ; --            ; --          ; Top             ;
; PARTITION_NETLIST_TYPE                 ; SOURCE                                                                                                                     ; --            ; --          ; Top             ;
; POWER_BOARD_THERMAL_MODEL              ; None (CONSERVATIVE)                                                                                                        ; --            ; --          ; --              ;
; POWER_PRESET_COOLING_SOLUTION          ; 23 MM HEAT SINK WITH 200 LFPM AIRFLOW                                                                                      ; --            ; --          ; --              ;
; PROJECT_OUTPUT_DIRECTORY               ; output_files                                                                                                               ; --            ; --          ; --              ;
; SEARCH_PATH                            ; ../../COMPONENTES/mux/CODIGO                                                                                               ; --            ; --          ; --              ;
; SEARCH_PATH                            ; ../../COMPONENTES/compl9/LOGICA/CODIGO                                                                                     ; --            ; --          ; --              ;
; SEARCH_PATH                            ; ../../COMPONENTES/SUMA_enteros_BCD/COMPONENTES/SUMA_natu_BCD/COMPONENTES/sum_digito_BCD/COMPONENTES/sumador_binario/CODIGO ; --            ; --          ; --              ;
; SEARCH_PATH                            ; ../../COMPONENTES/SUMA_enteros_BCD/COMPONENTES/SUMA_natu_BCD/COMPONENTES/sum_digito_BCD/COMPONENTES/mayor9/CODIGO          ; --            ; --          ; --              ;
; SEARCH_PATH                            ; ../../COMPONENTES/SUMA_enteros_BCD/COMPONENTES/SUMA_natu_BCD/COMPONENTES/sum_digito_BCD/suma_dos_digitos_BCD/CODIGO        ; --            ; --          ; --              ;
; SEARCH_PATH                            ; ../../COMPONENTES/SUMA_enteros_BCD/COMPONENTES/s1bit/CODIGO                                                                ; --            ; --          ; --              ;
; SEARCH_PATH                            ; ../../COMPONENTES/SUMA_enteros_BCD/COMPONENTES/SUMA_natu_BCD/sum_n_digitos_BCD/CODIGO                                      ; --            ; --          ; --              ;
; SEARCH_PATH                            ; ../../COMPONENTES/SUMA_enteros_BCD/sum_n_digitos_enteros_BCD/CODIGO                                                        ; --            ; --          ; --              ;
+----------------------------------------+----------------------------------------------------------------------------------------------------------------------------+---------------+-------------+-----------------+


+--------------------------------------------------------------------------------------------------------------------------+
; Flow Elapsed Time                                                                                                        ;
+----------------------+--------------+-------------------------+---------------------+------------------------------------+
; Module Name          ; Elapsed Time ; Average Processors Used ; Peak Virtual Memory ; Total CPU Time (on all processors) ;
+----------------------+--------------+-------------------------+---------------------+------------------------------------+
; Analysis & Synthesis ; 00:00:01     ; 1.0                     ; 394 MB              ; 00:00:01                           ;
; Total                ; 00:00:01     ; --                      ; --                  ; 00:00:01                           ;
+----------------------+--------------+-------------------------+---------------------+------------------------------------+


+------------------------------------------------------------------------------------+
; Flow OS Summary                                                                    ;
+----------------------+------------------+------------+------------+----------------+
; Module Name          ; Machine Hostname ; OS Name    ; OS Version ; Processor type ;
+----------------------+------------------+------------+------------+----------------+
; Analysis & Synthesis ; a5s104pc23       ; SUSE LINUX ; 42         ; x86_64         ;
+----------------------+------------------+------------+------------+----------------+


------------
; Flow Log ;
------------
quartus_map --read_settings_files=on --write_settings_files=off sAlgeBCD -c sAlgeBCD



