Analysis & Elaboration report for s1bcd
Sun Oct 14 20:43:03 2018
Quartus Prime Version 17.1.0 Build 590 10/25/2017 SJ Lite Edition


---------------------
; Table of Contents ;
---------------------
  1. Legal Notice
  2. Analysis & Elaboration Summary
  3. Parallel Compilation
  4. Analysis & Elaboration Settings
  5. Port Connectivity Checks: "snbits:sum2"
  6. Analysis & Elaboration Messages



----------------
; Legal Notice ;
----------------
Copyright (C) 2017  Intel Corporation. All rights reserved.
Your use of Intel Corporation's design tools, logic functions 
and other software and tools, and its AMPP partner logic 
functions, and any output files from any of the foregoing 
(including device programming or simulation files), and any 
associated documentation or information are expressly subject 
to the terms and conditions of the Intel Program License 
Subscription Agreement, the Intel Quartus Prime License Agreement,
the Intel FPGA IP License Agreement, or other applicable license
agreement, including, without limitation, that your use is for
the sole purpose of programming logic devices manufactured by
Intel and sold by Intel or its authorized distributors.  Please
refer to the applicable agreement for further details.



+----------------------------------------------------------------------------------+
; Analysis & Elaboration Summary                                                   ;
+------------------------------------+---------------------------------------------+
; Analysis & Elaboration Status      ; Successful - Sun Oct 14 20:43:03 2018       ;
; Quartus Prime Version              ; 17.1.0 Build 590 10/25/2017 SJ Lite Edition ;
; Revision Name                      ; s1bcd                                       ;
; Top-level Entity Name              ; s1bcd                                       ;
; Family                             ; Cyclone IV GX                               ;
; Total logic elements               ; N/A until Partition Merge                   ;
;     Total combinational functions  ; N/A until Partition Merge                   ;
;     Dedicated logic registers      ; N/A until Partition Merge                   ;
; Total registers                    ; N/A until Partition Merge                   ;
; Total pins                         ; N/A until Partition Merge                   ;
; Total virtual pins                 ; N/A until Partition Merge                   ;
; Total memory bits                  ; N/A until Partition Merge                   ;
; Embedded Multiplier 9-bit elements ; N/A until Partition Merge                   ;
; Total GXB Receiver Channel PCS     ; N/A until Partition Merge                   ;
; Total GXB Receiver Channel PMA     ; N/A until Partition Merge                   ;
; Total GXB Transmitter Channel PCS  ; N/A until Partition Merge                   ;
; Total GXB Transmitter Channel PMA  ; N/A until Partition Merge                   ;
; Total PLLs                         ; N/A until Partition Merge                   ;
+------------------------------------+---------------------------------------------+


+------------------------------------------+
; Parallel Compilation                     ;
+----------------------------+-------------+
; Processors                 ; Number      ;
+----------------------------+-------------+
; Number detected on machine ; 8           ;
; Maximum allowed            ; 4           ;
;                            ;             ;
; Average used               ; 1.00        ;
; Maximum used               ; 1           ;
;                            ;             ;
; Usage by Processor         ; % Time Used ;
;     Processor 1            ; 100.0%      ;
+----------------------------+-------------+


+----------------------------------------------------------------------------------------------------------------------+
; Analysis & Elaboration Settings                                                                                      ;
+----------------------------------------------------------------------------+--------------------+--------------------+
; Option                                                                     ; Setting            ; Default Value      ;
+----------------------------------------------------------------------------+--------------------+--------------------+
; Device                                                                     ; EP4CGX30CF23C6     ;                    ;
; Top-level entity name                                                      ; s1bcd              ; s1bcd              ;
; Family name                                                                ; Cyclone IV GX      ; Cyclone V          ;
; Use smart compilation                                                      ; Off                ; Off                ;
; Enable parallel Assembler and TimeQuest Timing Analyzer during compilation ; On                 ; On                 ;
; Enable compact report table                                                ; Off                ; Off                ;
; Restructure Multiplexers                                                   ; Auto               ; Auto               ;
; Create Debugging Nodes for IP Cores                                        ; Off                ; Off                ;
; Preserve fewer node names                                                  ; On                 ; On                 ;
; Intel FPGA IP Evaluation Mode                                              ; Enable             ; Enable             ;
; Verilog Version                                                            ; Verilog_2001       ; Verilog_2001       ;
; VHDL Version                                                               ; VHDL_1993          ; VHDL_1993          ;
; State Machine Processing                                                   ; Auto               ; Auto               ;
; Safe State Machine                                                         ; Off                ; Off                ;
; Extract Verilog State Machines                                             ; On                 ; On                 ;
; Extract VHDL State Machines                                                ; On                 ; On                 ;
; Ignore Verilog initial constructs                                          ; Off                ; Off                ;
; Iteration limit for constant Verilog loops                                 ; 5000               ; 5000               ;
; Iteration limit for non-constant Verilog loops                             ; 250                ; 250                ;
; Add Pass-Through Logic to Inferred RAMs                                    ; On                 ; On                 ;
; Infer RAMs from Raw Logic                                                  ; On                 ; On                 ;
; Parallel Synthesis                                                         ; On                 ; On                 ;
; DSP Block Balancing                                                        ; Auto               ; Auto               ;
; NOT Gate Push-Back                                                         ; On                 ; On                 ;
; Power-Up Don't Care                                                        ; On                 ; On                 ;
; Remove Redundant Logic Cells                                               ; Off                ; Off                ;
; Remove Duplicate Registers                                                 ; On                 ; On                 ;
; Ignore CARRY Buffers                                                       ; Off                ; Off                ;
; Ignore CASCADE Buffers                                                     ; Off                ; Off                ;
; Ignore GLOBAL Buffers                                                      ; Off                ; Off                ;
; Ignore ROW GLOBAL Buffers                                                  ; Off                ; Off                ;
; Ignore LCELL Buffers                                                       ; Off                ; Off                ;
; Ignore SOFT Buffers                                                        ; On                 ; On                 ;
; Limit AHDL Integers to 32 Bits                                             ; Off                ; Off                ;
; Optimization Technique                                                     ; Balanced           ; Balanced           ;
; Carry Chain Length                                                         ; 70                 ; 70                 ;
; Auto Carry Chains                                                          ; On                 ; On                 ;
; Auto Open-Drain Pins                                                       ; On                 ; On                 ;
; Perform WYSIWYG Primitive Resynthesis                                      ; Off                ; Off                ;
; Auto ROM Replacement                                                       ; On                 ; On                 ;
; Auto RAM Replacement                                                       ; On                 ; On                 ;
; Auto DSP Block Replacement                                                 ; On                 ; On                 ;
; Auto Shift Register Replacement                                            ; Auto               ; Auto               ;
; Allow Shift Register Merging across Hierarchies                            ; Auto               ; Auto               ;
; Auto Clock Enable Replacement                                              ; On                 ; On                 ;
; Strict RAM Replacement                                                     ; Off                ; Off                ;
; Allow Synchronous Control Signals                                          ; On                 ; On                 ;
; Force Use of Synchronous Clear Signals                                     ; Off                ; Off                ;
; Auto RAM Block Balancing                                                   ; On                 ; On                 ;
; Auto RAM to Logic Cell Conversion                                          ; Off                ; Off                ;
; Auto Resource Sharing                                                      ; Off                ; Off                ;
; Allow Any RAM Size For Recognition                                         ; Off                ; Off                ;
; Allow Any ROM Size For Recognition                                         ; Off                ; Off                ;
; Allow Any Shift Register Size For Recognition                              ; Off                ; Off                ;
; Use LogicLock Constraints during Resource Balancing                        ; On                 ; On                 ;
; Ignore translate_off and synthesis_off directives                          ; Off                ; Off                ;
; Timing-Driven Synthesis                                                    ; On                 ; On                 ;
; Report Parameter Settings                                                  ; On                 ; On                 ;
; Report Source Assignments                                                  ; On                 ; On                 ;
; Report Connectivity Checks                                                 ; On                 ; On                 ;
; Ignore Maximum Fan-Out Assignments                                         ; Off                ; Off                ;
; Synchronization Register Chain Length                                      ; 2                  ; 2                  ;
; Power Optimization During Synthesis                                        ; Normal compilation ; Normal compilation ;
; HDL message level                                                          ; Level2             ; Level2             ;
; Suppress Register Optimization Related Messages                            ; Off                ; Off                ;
; Number of Removed Registers Reported in Synthesis Report                   ; 5000               ; 5000               ;
; Number of Swept Nodes Reported in Synthesis Report                         ; 5000               ; 5000               ;
; Number of Inverted Registers Reported in Synthesis Report                  ; 100                ; 100                ;
; Clock MUX Protection                                                       ; On                 ; On                 ;
; Auto Gated Clock Conversion                                                ; Off                ; Off                ;
; Block Design Naming                                                        ; Auto               ; Auto               ;
; SDC constraint protection                                                  ; Off                ; Off                ;
; Synthesis Effort                                                           ; Auto               ; Auto               ;
; Shift Register Replacement - Allow Asynchronous Clear Signal               ; On                 ; On                 ;
; Pre-Mapping Resynthesis Optimization                                       ; Off                ; Off                ;
; Analysis & Synthesis Message Level                                         ; Medium             ; Medium             ;
; Disable Register Merging Across Hierarchies                                ; Auto               ; Auto               ;
; Resource Aware Inference For Block RAM                                     ; On                 ; On                 ;
+----------------------------------------------------------------------------+--------------------+--------------------+


+----------------------------------------------------------------------------------------------------------------+
; Port Connectivity Checks: "snbits:sum2"                                                                        ;
+------+--------+----------+-------------------------------------------------------------------------------------+
; Port ; Type   ; Severity ; Details                                                                             ;
+------+--------+----------+-------------------------------------------------------------------------------------+
; cen  ; Input  ; Info     ; Stuck at GND                                                                        ;
; csal ; Output ; Info     ; Connected to dangling logic. Logic that only feeds a dangling port will be removed. ;
+------+--------+----------+-------------------------------------------------------------------------------------+


+---------------------------------+
; Analysis & Elaboration Messages ;
+---------------------------------+
Info: *******************************************************************
Info: Running Quartus Prime Analysis & Elaboration
    Info: Version 17.1.0 Build 590 10/25/2017 SJ Lite Edition
    Info: Processing started: Sun Oct 14 20:42:52 2018
Info: Command: quartus_map --read_settings_files=on --write_settings_files=off s1bcd -c s1bcd --analysis_and_elaboration
Warning (18236): Number of processors has not been specified which may cause overloading on shared machines.  Set the global assignment NUM_PARALLEL_PROCESSORS in your QSF to an appropriate value for best performance.
Info (20030): Parallel compilation is enabled and will use 4 of the 4 processors detected
Info (12021): Found 1 design units, including 0 entities, in source file /users/user/desktop/lab2/bcd/tipos_ctes_pkg/retardos_bcd_pkg.vhd
    Info (12022): Found design unit 1: retardos_bcd_pkg File: C:/Users/user/Desktop/LAB2/BCD/tipos_ctes_pkg/retardos_bcd_pkg.vhd Line: 9
Info (12021): Found 1 design units, including 0 entities, in source file /users/user/desktop/lab2/bcd/tipos_ctes_pkg/cte_tipos_bcd_pkg.vhd
    Info (12022): Found design unit 1: cte_tipos_bcd_pkg File: C:/Users/user/Desktop/LAB2/BCD/tipos_ctes_pkg/cte_tipos_bcd_pkg.vhd Line: 10
Info (12021): Found 1 design units, including 0 entities, in source file /users/user/desktop/lab2/bcd/suma_algebraica_bcd/componentes/suma_enteros_bcd/componentes/suma_natu_bcd/componentes/sum_digito_bcd/componentes_dig_bcd_pkg/componentes_digito_bcd_pkg.vhd
    Info (12022): Found design unit 1: componentes_digito_bcd_pkg File: C:/Users/user/Desktop/LAB2/BCD/Suma_algebraica_BCD/COMPONENTES/SUMA_enteros_BCD/COMPONENTES/SUMA_natu_BCD/COMPONENTES/sum_digito_BCD/componentes_dig_BCD_pkg/componentes_digito_bcd_pkg.vhd Line: 10
Info (12021): Found 2 design units, including 1 entities, in source file /users/user/desktop/lab2/bcd/suma_algebraica_bcd/componentes/suma_enteros_bcd/componentes/suma_natu_bcd/componentes/sum_digito_bcd/suma_dos_digitos_bcd/codigo/s1bcd.vhd
    Info (12022): Found design unit 1: s1bcd-compor File: C:/Users/user/Desktop/LAB2/BCD/Suma_algebraica_BCD/COMPONENTES/SUMA_enteros_BCD/COMPONENTES/SUMA_natu_BCD/COMPONENTES/sum_digito_BCD/suma_dos_digitos_BCD/CODIGO/s1bcd.vhd Line: 19
    Info (12023): Found entity 1: s1bcd File: C:/Users/user/Desktop/LAB2/BCD/Suma_algebraica_BCD/COMPONENTES/SUMA_enteros_BCD/COMPONENTES/SUMA_natu_BCD/COMPONENTES/sum_digito_BCD/suma_dos_digitos_BCD/CODIGO/s1bcd.vhd Line: 11
Info (12127): Elaborating entity "s1bcd" for the top level hierarchy
Warning (12125): Using design file /users/user/desktop/lab2/bcd/suma_algebraica_bcd/componentes/suma_enteros_bcd/componentes/suma_natu_bcd/componentes/sum_digito_bcd/componentes/sumador_binario/codigo/snbits.vhd, which is not specified as a design file for the current project, but contains definitions for 2 design units and 1 entities in project
    Info (12022): Found design unit 1: snbits-compor File: C:/Users/user/Desktop/LAB2/BCD/Suma_algebraica_BCD/COMPONENTES/SUMA_enteros_BCD/COMPONENTES/SUMA_natu_BCD/COMPONENTES/sum_digito_BCD/COMPONENTES/sumador_binario/CODIGO/snbits.vhd Line: 20
    Info (12023): Found entity 1: snbits File: C:/Users/user/Desktop/LAB2/BCD/Suma_algebraica_BCD/COMPONENTES/SUMA_enteros_BCD/COMPONENTES/SUMA_natu_BCD/COMPONENTES/sum_digito_BCD/COMPONENTES/sumador_binario/CODIGO/snbits.vhd Line: 12
Info (12128): Elaborating entity "snbits" for hierarchy "snbits:sum1" File: C:/Users/user/Desktop/LAB2/BCD/Suma_algebraica_BCD/COMPONENTES/SUMA_enteros_BCD/COMPONENTES/SUMA_natu_BCD/COMPONENTES/sum_digito_BCD/suma_dos_digitos_BCD/CODIGO/s1bcd.vhd Line: 41
Warning (12125): Using design file /users/user/desktop/lab2/bcd/suma_algebraica_bcd/componentes/suma_enteros_bcd/componentes/suma_natu_bcd/componentes/sum_digito_bcd/componentes/mayor9/codigo/mayor9.vhd, which is not specified as a design file for the current project, but contains definitions for 2 design units and 1 entities in project
    Info (12022): Found design unit 1: mayor9-comportamiento File: C:/Users/user/Desktop/LAB2/BCD/Suma_algebraica_BCD/COMPONENTES/SUMA_enteros_BCD/COMPONENTES/SUMA_natu_BCD/COMPONENTES/sum_digito_BCD/COMPONENTES/mayor9/CODIGO/mayor9.vhd Line: 17
    Info (12023): Found entity 1: mayor9 File: C:/Users/user/Desktop/LAB2/BCD/Suma_algebraica_BCD/COMPONENTES/SUMA_enteros_BCD/COMPONENTES/SUMA_natu_BCD/COMPONENTES/sum_digito_BCD/COMPONENTES/mayor9/CODIGO/mayor9.vhd Line: 11
Info (12128): Elaborating entity "mayor9" for hierarchy "mayor9:m9" File: C:/Users/user/Desktop/LAB2/BCD/Suma_algebraica_BCD/COMPONENTES/SUMA_enteros_BCD/COMPONENTES/SUMA_natu_BCD/COMPONENTES/sum_digito_BCD/suma_dos_digitos_BCD/CODIGO/s1bcd.vhd Line: 43
Info: Quartus Prime Analysis & Elaboration was successful. 0 errors, 3 warnings
    Info: Peak virtual memory: 4868 megabytes
    Info: Processing ended: Sun Oct 14 20:43:03 2018
    Info: Elapsed time: 00:00:11
    Info: Total CPU time (on all processors): 00:00:23


