Analysis & Synthesis report for buffer_circular
Tue Apr  2 10:08:33 2019
Quartus II 32-bit Version 13.0.1 Build 232 06/12/2013 Service Pack 1 SJ Web Edition


---------------------
; Table of Contents ;
---------------------
  1. Legal Notice
  2. Analysis & Synthesis Summary
  3. Analysis & Synthesis Settings
  4. Parallel Compilation
  5. Analysis & Synthesis Source Files Read
  6. Analysis & Synthesis Resource Usage Summary
  7. Analysis & Synthesis Resource Utilization by Entity
  8. General Register Statistics
  9. Multiplexer Restructuring Statistics (Restructuring Performed)
 10. Port Connectivity Checks: "controlinterface:buffercontrol|acceso:accesoBR|puntero:reg_cabeza"
 11. Port Connectivity Checks: "controlinterface:buffercontrol|acceso:accesoBR|puntero:reg_cola|prxval:prxvalorentpunt|mux:muxpcero"
 12. Elapsed Time Per Partition
 13. Analysis & Synthesis Messages



----------------
; Legal Notice ;
----------------
Copyright (C) 1991-2013 Altera Corporation
Your use of Altera Corporation's design tools, logic functions 
and other software and tools, and its AMPP partner logic 
functions, and any output files from any of the foregoing 
(including device programming or simulation files), and any 
associated documentation or information are expressly subject 
to the terms and conditions of the Altera Program License 
Subscription Agreement, Altera MegaCore Function License 
Agreement, or other applicable license agreement, including, 
without limitation, that your use is for the sole purpose of 
programming logic devices manufactured by Altera and sold by 
Altera or its authorized distributors.  Please refer to the 
applicable agreement for further details.



+--------------------------------------------------------------------------------------+
; Analysis & Synthesis Summary                                                         ;
+------------------------------------+-------------------------------------------------+
; Analysis & Synthesis Status        ; Successful - Tue Apr  2 10:08:33 2019           ;
; Quartus II 32-bit Version          ; 13.0.1 Build 232 06/12/2013 SP 1 SJ Web Edition ;
; Revision Name                      ; buffer_circular                                 ;
; Top-level Entity Name              ; buffer_circular                                 ;
; Family                             ; Cyclone IV GX                                   ;
; Total logic elements               ; 120                                             ;
;     Total combinational functions  ; 56                                              ;
;     Dedicated logic registers      ; 70                                              ;
; Total registers                    ; 70                                              ;
; Total pins                         ; 22                                              ;
; Total virtual pins                 ; 0                                               ;
; Total memory bits                  ; 0                                               ;
; Embedded Multiplier 9-bit elements ; 0                                               ;
; Total GXB Receiver Channel PCS     ; 0                                               ;
; Total GXB Receiver Channel PMA     ; 0                                               ;
; Total GXB Transmitter Channel PCS  ; 0                                               ;
; Total GXB Transmitter Channel PMA  ; 0                                               ;
; Total PLLs                         ; 0                                               ;
+------------------------------------+-------------------------------------------------+


+----------------------------------------------------------------------------------------------------------------------+
; Analysis & Synthesis Settings                                                                                        ;
+----------------------------------------------------------------------------+--------------------+--------------------+
; Option                                                                     ; Setting            ; Default Value      ;
+----------------------------------------------------------------------------+--------------------+--------------------+
; Device                                                                     ; EP4CGX30CF23C6     ;                    ;
; Top-level entity name                                                      ; buffer_circular    ; buffer_circular    ;
; Family name                                                                ; Cyclone IV GX      ; Cyclone IV GX      ;
; Use smart compilation                                                      ; Off                ; Off                ;
; Enable parallel Assembler and TimeQuest Timing Analyzer during compilation ; On                 ; On                 ;
; Enable compact report table                                                ; Off                ; Off                ;
; Restructure Multiplexers                                                   ; Auto               ; Auto               ;
; Create Debugging Nodes for IP Cores                                        ; Off                ; Off                ;
; Preserve fewer node names                                                  ; On                 ; On                 ;
; Disable OpenCore Plus hardware evaluation                                  ; Off                ; Off                ;
; Verilog Version                                                            ; Verilog_2001       ; Verilog_2001       ;
; VHDL Version                                                               ; VHDL_1993          ; VHDL_1993          ;
; State Machine Processing                                                   ; Auto               ; Auto               ;
; Safe State Machine                                                         ; Off                ; Off                ;
; Extract Verilog State Machines                                             ; On                 ; On                 ;
; Extract VHDL State Machines                                                ; On                 ; On                 ;
; Ignore Verilog initial constructs                                          ; Off                ; Off                ;
; Iteration limit for constant Verilog loops                                 ; 5000               ; 5000               ;
; Iteration limit for non-constant Verilog loops                             ; 250                ; 250                ;
; Add Pass-Through Logic to Inferred RAMs                                    ; On                 ; On                 ;
; Infer RAMs from Raw Logic                                                  ; On                 ; On                 ;
; Parallel Synthesis                                                         ; On                 ; On                 ;
; DSP Block Balancing                                                        ; Auto               ; Auto               ;
; NOT Gate Push-Back                                                         ; On                 ; On                 ;
; Power-Up Don't Care                                                        ; On                 ; On                 ;
; Remove Redundant Logic Cells                                               ; Off                ; Off                ;
; Remove Duplicate Registers                                                 ; On                 ; On                 ;
; Ignore CARRY Buffers                                                       ; Off                ; Off                ;
; Ignore CASCADE Buffers                                                     ; Off                ; Off                ;
; Ignore GLOBAL Buffers                                                      ; Off                ; Off                ;
; Ignore ROW GLOBAL Buffers                                                  ; Off                ; Off                ;
; Ignore LCELL Buffers                                                       ; Off                ; Off                ;
; Ignore SOFT Buffers                                                        ; On                 ; On                 ;
; Limit AHDL Integers to 32 Bits                                             ; Off                ; Off                ;
; Optimization Technique                                                     ; Balanced           ; Balanced           ;
; Carry Chain Length                                                         ; 70                 ; 70                 ;
; Auto Carry Chains                                                          ; On                 ; On                 ;
; Auto Open-Drain Pins                                                       ; On                 ; On                 ;
; Perform WYSIWYG Primitive Resynthesis                                      ; Off                ; Off                ;
; Auto ROM Replacement                                                       ; On                 ; On                 ;
; Auto RAM Replacement                                                       ; On                 ; On                 ;
; Auto DSP Block Replacement                                                 ; On                 ; On                 ;
; Auto Shift Register Replacement                                            ; Auto               ; Auto               ;
; Allow Shift Register Merging across Hierarchies                            ; Auto               ; Auto               ;
; Auto Clock Enable Replacement                                              ; On                 ; On                 ;
; Strict RAM Replacement                                                     ; Off                ; Off                ;
; Allow Synchronous Control Signals                                          ; On                 ; On                 ;
; Force Use of Synchronous Clear Signals                                     ; Off                ; Off                ;
; Auto RAM Block Balancing                                                   ; On                 ; On                 ;
; Auto RAM to Logic Cell Conversion                                          ; Off                ; Off                ;
; Auto Resource Sharing                                                      ; Off                ; Off                ;
; Allow Any RAM Size For Recognition                                         ; Off                ; Off                ;
; Allow Any ROM Size For Recognition                                         ; Off                ; Off                ;
; Allow Any Shift Register Size For Recognition                              ; Off                ; Off                ;
; Use LogicLock Constraints during Resource Balancing                        ; On                 ; On                 ;
; Ignore translate_off and synthesis_off directives                          ; Off                ; Off                ;
; Timing-Driven Synthesis                                                    ; On                 ; On                 ;
; Report Parameter Settings                                                  ; On                 ; On                 ;
; Report Source Assignments                                                  ; On                 ; On                 ;
; Report Connectivity Checks                                                 ; On                 ; On                 ;
; Ignore Maximum Fan-Out Assignments                                         ; Off                ; Off                ;
; Synchronization Register Chain Length                                      ; 2                  ; 2                  ;
; PowerPlay Power Optimization                                               ; Normal compilation ; Normal compilation ;
; HDL message level                                                          ; Level2             ; Level2             ;
; Suppress Register Optimization Related Messages                            ; Off                ; Off                ;
; Number of Removed Registers Reported in Synthesis Report                   ; 5000               ; 5000               ;
; Number of Swept Nodes Reported in Synthesis Report                         ; 5000               ; 5000               ;
; Number of Inverted Registers Reported in Synthesis Report                  ; 100                ; 100                ;
; Clock MUX Protection                                                       ; On                 ; On                 ;
; Auto Gated Clock Conversion                                                ; Off                ; Off                ;
; Block Design Naming                                                        ; Auto               ; Auto               ;
; SDC constraint protection                                                  ; Off                ; Off                ;
; Synthesis Effort                                                           ; Auto               ; Auto               ;
; Shift Register Replacement - Allow Asynchronous Clear Signal               ; On                 ; On                 ;
; Pre-Mapping Resynthesis Optimization                                       ; Off                ; Off                ;
; Analysis & Synthesis Message Level                                         ; Medium             ; Medium             ;
; Disable Register Merging Across Hierarchies                                ; Auto               ; Auto               ;
; Resource Aware Inference For Block RAM                                     ; On                 ; On                 ;
; Synthesis Seed                                                             ; 1                  ; 1                  ;
+----------------------------------------------------------------------------+--------------------+--------------------+


Parallel compilation was disabled, but you have multiple processors available. Enable parallel compilation to reduce compilation time.
+-------------------------------------+
; Parallel Compilation                ;
+----------------------------+--------+
; Processors                 ; Number ;
+----------------------------+--------+
; Number detected on machine ; 8      ;
; Maximum allowed            ; 1      ;
+----------------------------+--------+


+----------------------------------------------------------------------------------------------------------------------------------------------------------------------------------------------------------------------------------------------------------------------------------------------------------------------------------------------------------------------------------+
; Analysis & Synthesis Source Files Read                                                                                                                                                                                                                                                                                                                                           ;
+-------------------------------------------------------------------------------------------------------------------------------------+-----------------+-----------------------+----------------------------------------------------------------------------------------------------------------------------------------------------------------------------------------+---------+
; File Name with User-Entered Path                                                                                                    ; Used in Netlist ; File Type             ; File Name with Absolute Path                                                                                                                                                           ; Library ;
+-------------------------------------------------------------------------------------------------------------------------------------+-----------------+-----------------------+----------------------------------------------------------------------------------------------------------------------------------------------------------------------------------------+---------+
; ../../COMPONENTES/control_interface/COMPONENTES/acceso/puntero/COMPONENTES/prxval/componentes_prxval_pkg/componentes_prxval_pkg.vhd ; yes             ; User VHDL File        ; /dades/david.soldevila.puigbi/aclab/LAB3/buffer_circular/COMPONENTES/control_interface/COMPONENTES/acceso/puntero/COMPONENTES/prxval/componentes_prxval_pkg/componentes_prxval_pkg.vhd ;         ;
; ../../COMPONENTES/control_interface/COMPONENTES/acceso/puntero/componentes_puntero_pkg/componentes_puntero_pkg.vhd                  ; yes             ; User VHDL File        ; /dades/david.soldevila.puigbi/aclab/LAB3/buffer_circular/COMPONENTES/control_interface/COMPONENTES/acceso/puntero/componentes_puntero_pkg/componentes_puntero_pkg.vhd                  ;         ;
; ../../COMPONENTES/control_interface/COMPONENTES/acceso/componentes_acceso_pkg/componentes_acceso_pkg.vhd                            ; yes             ; User VHDL File        ; /dades/david.soldevila.puigbi/aclab/LAB3/buffer_circular/COMPONENTES/control_interface/COMPONENTES/acceso/componentes_acceso_pkg/componentes_acceso_pkg.vhd                            ;         ;
; ../../COMPONENTES/control_interface/componentes_control_interface_pkg/componentes_control_interface_pkg.vhd                         ; yes             ; User VHDL File        ; /dades/david.soldevila.puigbi/aclab/LAB3/buffer_circular/COMPONENTES/control_interface/componentes_control_interface_pkg/componentes_control_interface_pkg.vhd                         ;         ;
; ../../componentes_buffer_circular_pkg/componentes_buffer_circular_pkg.vhd                                                           ; yes             ; User VHDL File        ; /dades/david.soldevila.puigbi/aclab/LAB3/buffer_circular/componentes_buffer_circular_pkg/componentes_buffer_circular_pkg.vhd                                                           ;         ;
; ../../tipos_ctes_pkg/retardos_buffer_pkg.vhd                                                                                        ; yes             ; User VHDL File        ; /dades/david.soldevila.puigbi/aclab/LAB3/buffer_circular/tipos_ctes_pkg/retardos_buffer_pkg.vhd                                                                                        ;         ;
; ../../tipos_ctes_pkg/cte_tipos_buffer_pkg.vhd                                                                                       ; yes             ; User VHDL File        ; /dades/david.soldevila.puigbi/aclab/LAB3/buffer_circular/tipos_ctes_pkg/cte_tipos_buffer_pkg.vhd                                                                                       ;         ;
; ../CODIGO/buffer_circular.vhd                                                                                                       ; yes             ; User VHDL File        ; /dades/david.soldevila.puigbi/aclab/LAB3/buffer_circular/ENSAMBLADO/CODIGO/buffer_circular.vhd                                                                                         ;         ;
; BR.vhd                                                                                                                              ; yes             ; Auto-Found VHDL File  ; /dades/david.soldevila.puigbi/aclab/LAB3/buffer_circular/COMPONENTES/BR/CODIGO/BR.vhd                                                                                                  ;         ;
; controlinterface.vhd                                                                                                                ; yes             ; Auto-Found VHDL File  ; /dades/david.soldevila.puigbi/aclab/LAB3/buffer_circular/COMPONENTES/control_interface/ENSAMBLADO/CODIGO/controlinterface.vhd                                                          ;         ;
; acceso.vhd                                                                                                                          ; yes             ; Auto-Found VHDL File  ; /dades/david.soldevila.puigbi/aclab/LAB3/buffer_circular/COMPONENTES/control_interface/COMPONENTES/acceso/ENSAMBLADO/CODIGO/acceso.vhd                                                 ;         ;
; puntero.vhd                                                                                                                         ; yes             ; Auto-Found VHDL File  ; /dades/david.soldevila.puigbi/aclab/LAB3/buffer_circular/COMPONENTES/control_interface/COMPONENTES/acceso/puntero/ENSAMBLADO/CODIGO/puntero.vhd                                        ;         ;
; cntbin.vhd                                                                                                                          ; yes             ; Auto-Found VHDL File  ; /dades/david.soldevila.puigbi/aclab/LAB3/buffer_circular/COMPONENTES/control_interface/COMPONENTES/acceso/puntero/COMPONENTES/cnt_bin/CODIGO/cntbin.vhd                                ;         ;
; prxval.vhd                                                                                                                          ; yes             ; Auto-Found VHDL File  ; /dades/david.soldevila.puigbi/aclab/LAB3/buffer_circular/COMPONENTES/control_interface/COMPONENTES/acceso/puntero/COMPONENTES/prxval/ENSAMBLADO/CODIGO/prxval.vhd                      ;         ;
; mux.vhd                                                                                                                             ; yes             ; Auto-Found VHDL File  ; /dades/david.soldevila.puigbi/aclab/LAB3/buffer_circular/COMPONENTES/control_interface/COMPONENTES/acceso/puntero/COMPONENTES/prxval/COMPONENTES/mux/CODIGO/mux.vhd                    ;         ;
; reg.vhd                                                                                                                             ; yes             ; Auto-Found VHDL File  ; /dades/david.soldevila.puigbi/aclab/LAB3/buffer_circular/COMPONENTES/control_interface/COMPONENTES/acceso/puntero/COMPONENTES/registro/CODIGO/reg.vhd                                  ;         ;
; control.vhd                                                                                                                         ; yes             ; Auto-Found VHDL File  ; /dades/david.soldevila.puigbi/aclab/LAB3/buffer_circular/COMPONENTES/control_interface/COMPONENTES/control/CODIGO/control.vhd                                                          ;         ;
; interface.vhd                                                                                                                       ; yes             ; Auto-Found VHDL File  ; /dades/david.soldevila.puigbi/aclab/LAB3/buffer_circular/COMPONENTES/control_interface/COMPONENTES/interface/CODIGO/interface.vhd                                                      ;         ;
+-------------------------------------------------------------------------------------------------------------------------------------+-----------------+-----------------------+----------------------------------------------------------------------------------------------------------------------------------------------------------------------------------------+---------+


+---------------------------------------------+
; Analysis & Synthesis Resource Usage Summary ;
+--------------------------+------------------+
; Resource                 ; Usage            ;
+--------------------------+------------------+
; I/O pins                 ; 22               ;
; DSP block 9-bit elements ; 0                ;
; Maximum fan-out node     ; reloj~input      ;
; Maximum fan-out          ; 70               ;
; Total fan-out            ; 446              ;
; Average fan-out          ; 2.62             ;
+--------------------------+------------------+


+------------------------------------------------------------------------------------------------------------------------------------------------------------------------------------------------------------------------------------------------------------------------------------------------------+
; Analysis & Synthesis Resource Utilization by Entity                                                                                                                                                                                                                                                  ;
+--------------------------------------+-------------------+--------------+-------------+--------------+---------+-----------+-----------+------+--------------+------------------------------------------------------------------------------------------------------------------------+--------------+
; Compilation Hierarchy Node           ; LC Combinationals ; LC Registers ; Memory Bits ; DSP Elements ; DSP 9x9 ; DSP 18x18 ; DSP 36x36 ; Pins ; Virtual Pins ; Full Hierarchy Name                                                                                                    ; Library Name ;
+--------------------------------------+-------------------+--------------+-------------+--------------+---------+-----------+-----------+------+--------------+------------------------------------------------------------------------------------------------------------------------+--------------+
; |buffer_circular                     ; 56 (0)            ; 70 (0)       ; 0           ; 0            ; 0       ; 0         ; 0         ; 22   ; 0            ; |buffer_circular                                                                                                       ; work         ;
;    |BR:bancoregistros|               ; 48 (48)           ; 64 (64)      ; 0           ; 0            ; 0       ; 0         ; 0         ; 0    ; 0            ; |buffer_circular|BR:bancoregistros                                                                                     ; work         ;
;    |controlinterface:buffercontrol|  ; 8 (0)             ; 6 (0)        ; 0           ; 0            ; 0       ; 0         ; 0         ; 0    ; 0            ; |buffer_circular|controlinterface:buffercontrol                                                                        ; work         ;
;       |acceso:accesoBR|              ; 8 (0)             ; 6 (0)        ; 0           ; 0            ; 0       ; 0         ; 0         ; 0    ; 0            ; |buffer_circular|controlinterface:buffercontrol|acceso:accesoBR                                                        ; work         ;
;          |puntero:reg_cabeza|        ; 4 (0)             ; 3 (0)        ; 0           ; 0            ; 0       ; 0         ; 0         ; 0    ; 0            ; |buffer_circular|controlinterface:buffercontrol|acceso:accesoBR|puntero:reg_cabeza                                     ; work         ;
;             |prxval:prxvalorentpunt| ; 3 (0)             ; 0 (0)        ; 0           ; 0            ; 0       ; 0         ; 0         ; 0    ; 0            ; |buffer_circular|controlinterface:buffercontrol|acceso:accesoBR|puntero:reg_cabeza|prxval:prxvalorentpunt              ; work         ;
;                |mux:muxpcero|        ; 3 (3)             ; 0 (0)        ; 0           ; 0            ; 0       ; 0         ; 0         ; 0    ; 0            ; |buffer_circular|controlinterface:buffercontrol|acceso:accesoBR|puntero:reg_cabeza|prxval:prxvalorentpunt|mux:muxpcero ; work         ;
;             |reg:estadopuntero|      ; 1 (1)             ; 3 (3)        ; 0           ; 0            ; 0       ; 0         ; 0         ; 0    ; 0            ; |buffer_circular|controlinterface:buffercontrol|acceso:accesoBR|puntero:reg_cabeza|reg:estadopuntero                   ; work         ;
;          |puntero:reg_cola|          ; 4 (0)             ; 3 (0)        ; 0           ; 0            ; 0       ; 0         ; 0         ; 0    ; 0            ; |buffer_circular|controlinterface:buffercontrol|acceso:accesoBR|puntero:reg_cola                                       ; work         ;
;             |prxval:prxvalorentpunt| ; 3 (0)             ; 0 (0)        ; 0           ; 0            ; 0       ; 0         ; 0         ; 0    ; 0            ; |buffer_circular|controlinterface:buffercontrol|acceso:accesoBR|puntero:reg_cola|prxval:prxvalorentpunt                ; work         ;
;                |mux:muxpcero|        ; 3 (3)             ; 0 (0)        ; 0           ; 0            ; 0       ; 0         ; 0         ; 0    ; 0            ; |buffer_circular|controlinterface:buffercontrol|acceso:accesoBR|puntero:reg_cola|prxval:prxvalorentpunt|mux:muxpcero   ; work         ;
;             |reg:estadopuntero|      ; 1 (1)             ; 3 (3)        ; 0           ; 0            ; 0       ; 0         ; 0         ; 0    ; 0            ; |buffer_circular|controlinterface:buffercontrol|acceso:accesoBR|puntero:reg_cola|reg:estadopuntero                     ; work         ;
+--------------------------------------+-------------------+--------------+-------------+--------------+---------+-----------+-----------+------+--------------+------------------------------------------------------------------------------------------------------------------------+--------------+
Note: For table entries with two numbers listed, the numbers in parentheses indicate the number of resources of the given type used by the specific entity alone. The numbers listed outside of parentheses indicate the total resources of the given type used by the specific entity and all of its sub-entities in the hierarchy.


+------------------------------------------------------+
; General Register Statistics                          ;
+----------------------------------------------+-------+
; Statistic                                    ; Value ;
+----------------------------------------------+-------+
; Total registers                              ; 70    ;
; Number of registers using Synchronous Clear  ; 0     ;
; Number of registers using Synchronous Load   ; 0     ;
; Number of registers using Asynchronous Clear ; 0     ;
; Number of registers using Asynchronous Load  ; 0     ;
; Number of registers using Clock Enable       ; 70    ;
; Number of registers using Preset             ; 0     ;
+----------------------------------------------+-------+


+-------------------------------------------------------------------------------------------------------------------------------------------------------------------------------------------------------------------------+
; Multiplexer Restructuring Statistics (Restructuring Performed)                                                                                                                                                          ;
+--------------------+-----------+---------------+----------------------+------------------------+------------+-----------------------------------------------------------------------------------------------------------+
; Multiplexer Inputs ; Bus Width ; Baseline Area ; Area if Restructured ; Saving if Restructured ; Registered ; Example Multiplexer Output                                                                                ;
+--------------------+-----------+---------------+----------------------+------------------------+------------+-----------------------------------------------------------------------------------------------------------+
; 3:1                ; 3 bits    ; 6 LEs         ; 3 LEs                ; 3 LEs                  ; Yes        ; |buffer_circular|controlinterface:buffercontrol|acceso:accesoBR|puntero:reg_cola|reg:estadopuntero|Q[0]   ;
; 3:1                ; 3 bits    ; 6 LEs         ; 3 LEs                ; 3 LEs                  ; Yes        ; |buffer_circular|controlinterface:buffercontrol|acceso:accesoBR|puntero:reg_cabeza|reg:estadopuntero|Q[0] ;
+--------------------+-----------+---------------+----------------------+------------------------+------------+-----------------------------------------------------------------------------------------------------------+


+--------------------------------------------------------------------------------------------------------------------+
; Port Connectivity Checks: "controlinterface:buffercontrol|acceso:accesoBR|puntero:reg_cabeza"                      ;
+----------+--------+----------+-------------------------------------------------------------------------------------+
; Port     ; Type   ; Severity ; Details                                                                             ;
+----------+--------+----------+-------------------------------------------------------------------------------------+
; puntincr ; Output ; Info     ; Connected to dangling logic. Logic that only feeds a dangling port will be removed. ;
+----------+--------+----------+-------------------------------------------------------------------------------------+


+---------------------------------------------------------------------------------------------------------------------------------+
; Port Connectivity Checks: "controlinterface:buffercontrol|acceso:accesoBR|puntero:reg_cola|prxval:prxvalorentpunt|mux:muxpcero" ;
+------+-------+----------+-------------------------------------------------------------------------------------------------------+
; Port ; Type  ; Severity ; Details                                                                                               ;
+------+-------+----------+-------------------------------------------------------------------------------------------------------+
; e1   ; Input ; Info     ; Stuck at GND                                                                                          ;
+------+-------+----------+-------------------------------------------------------------------------------------------------------+


+-------------------------------+
; Elapsed Time Per Partition    ;
+----------------+--------------+
; Partition Name ; Elapsed Time ;
+----------------+--------------+
; Top            ; 00:00:00     ;
+----------------+--------------+


+-------------------------------+
; Analysis & Synthesis Messages ;
+-------------------------------+
Info: *******************************************************************
Info: Running Quartus II 32-bit Analysis & Synthesis
    Info: Version 13.0.1 Build 232 06/12/2013 Service Pack 1 SJ Web Edition
    Info: Processing started: Tue Apr  2 10:07:47 2019
Info: Command: quartus_map --read_settings_files=on --write_settings_files=off buffer_circular -c buffer_circular
Warning (20028): Parallel compilation is not licensed and has been disabled
Info (12021): Found 1 design units, including 0 entities, in source file /dades/david.soldevila.puigbi/aclab/LAB3/buffer_circular/COMPONENTES/control_interface/COMPONENTES/acceso/puntero/COMPONENTES/prxval/componentes_prxval_pkg/componentes_prxval_pkg.vhd
    Info (12022): Found design unit 1: componentes_prxval_pkg
Info (12021): Found 1 design units, including 0 entities, in source file /dades/david.soldevila.puigbi/aclab/LAB3/buffer_circular/COMPONENTES/control_interface/COMPONENTES/acceso/puntero/componentes_puntero_pkg/componentes_puntero_pkg.vhd
    Info (12022): Found design unit 1: componentes_puntero_pkg
Info (12021): Found 1 design units, including 0 entities, in source file /dades/david.soldevila.puigbi/aclab/LAB3/buffer_circular/COMPONENTES/control_interface/COMPONENTES/acceso/componentes_acceso_pkg/componentes_acceso_pkg.vhd
    Info (12022): Found design unit 1: componentes_acceso_pkg
Info (12021): Found 1 design units, including 0 entities, in source file /dades/david.soldevila.puigbi/aclab/LAB3/buffer_circular/COMPONENTES/control_interface/componentes_control_interface_pkg/componentes_control_interface_pkg.vhd
    Info (12022): Found design unit 1: componentes_control_interface_pkg
Info (12021): Found 1 design units, including 0 entities, in source file /dades/david.soldevila.puigbi/aclab/LAB3/buffer_circular/componentes_buffer_circular_pkg/componentes_buffer_circular_pkg.vhd
    Info (12022): Found design unit 1: componentes_buffer_circular_pkg
Info (12021): Found 1 design units, including 0 entities, in source file /dades/david.soldevila.puigbi/aclab/LAB3/buffer_circular/tipos_ctes_pkg/retardos_buffer_pkg.vhd
    Info (12022): Found design unit 1: retardos_buffer_pkg
Info (12021): Found 1 design units, including 0 entities, in source file /dades/david.soldevila.puigbi/aclab/LAB3/buffer_circular/tipos_ctes_pkg/cte_tipos_buffer_pkg.vhd
    Info (12022): Found design unit 1: cte_tipos_buffer_pkg
Info (12021): Found 2 design units, including 1 entities, in source file /dades/david.soldevila.puigbi/aclab/LAB3/buffer_circular/ENSAMBLADO/CODIGO/buffer_circular.vhd
    Info (12022): Found design unit 1: buffer_circular-estructural
    Info (12023): Found entity 1: buffer_circular
Info (12127): Elaborating entity "buffer_circular" for the top level hierarchy
Warning (12125): Using design file /dades/david.soldevila.puigbi/aclab/LAB3/buffer_circular/COMPONENTES/BR/CODIGO/BR.vhd, which is not specified as a design file for the current project, but contains definitions for 2 design units and 1 entities in project
    Info (12022): Found design unit 1: BR-rtl
    Info (12023): Found entity 1: BR
Info (12128): Elaborating entity "BR" for hierarchy "BR:bancoregistros"
Warning (12125): Using design file /dades/david.soldevila.puigbi/aclab/LAB3/buffer_circular/COMPONENTES/control_interface/ENSAMBLADO/CODIGO/controlinterface.vhd, which is not specified as a design file for the current project, but contains definitions for 2 design units and 1 entities in project
    Info (12022): Found design unit 1: controlinterface-estruc
    Info (12023): Found entity 1: controlinterface
Info (12128): Elaborating entity "controlinterface" for hierarchy "controlinterface:buffercontrol"
Warning (12125): Using design file /dades/david.soldevila.puigbi/aclab/LAB3/buffer_circular/COMPONENTES/control_interface/COMPONENTES/acceso/ENSAMBLADO/CODIGO/acceso.vhd, which is not specified as a design file for the current project, but contains definitions for 2 design units and 1 entities in project
    Info (12022): Found design unit 1: acceso-estruc
    Info (12023): Found entity 1: acceso
Info (12128): Elaborating entity "acceso" for hierarchy "controlinterface:buffercontrol|acceso:accesoBR"
Warning (10036): Verilog HDL or VHDL warning at acceso.vhd(27): object "colaincr_pocho" assigned a value but never read
Warning (12125): Using design file /dades/david.soldevila.puigbi/aclab/LAB3/buffer_circular/COMPONENTES/control_interface/COMPONENTES/acceso/puntero/ENSAMBLADO/CODIGO/puntero.vhd, which is not specified as a design file for the current project, but contains definitions for 2 design units and 1 entities in project
    Info (12022): Found design unit 1: puntero-estruc
    Info (12023): Found entity 1: puntero
Info (12128): Elaborating entity "puntero" for hierarchy "controlinterface:buffercontrol|acceso:accesoBR|puntero:reg_cola"
Warning (12125): Using design file /dades/david.soldevila.puigbi/aclab/LAB3/buffer_circular/COMPONENTES/control_interface/COMPONENTES/acceso/puntero/COMPONENTES/cnt_bin/CODIGO/cntbin.vhd, which is not specified as a design file for the current project, but contains definitions for 2 design units and 1 entities in project
    Info (12022): Found design unit 1: cntbin-compor
    Info (12023): Found entity 1: cntbin
Info (12128): Elaborating entity "cntbin" for hierarchy "controlinterface:buffercontrol|acceso:accesoBR|puntero:reg_cola|cntbin:contadorbinario"
Warning (12125): Using design file /dades/david.soldevila.puigbi/aclab/LAB3/buffer_circular/COMPONENTES/control_interface/COMPONENTES/acceso/puntero/COMPONENTES/prxval/ENSAMBLADO/CODIGO/prxval.vhd, which is not specified as a design file for the current project, but contains definitions for 2 design units and 1 entities in project
    Info (12022): Found design unit 1: prxval-estruc
    Info (12023): Found entity 1: prxval
Info (12128): Elaborating entity "prxval" for hierarchy "controlinterface:buffercontrol|acceso:accesoBR|puntero:reg_cola|prxval:prxvalorentpunt"
Warning (12090): Entity "mux" obtained from "mux.vhd" instead of from Quartus II megafunction library
Warning (12125): Using design file /dades/david.soldevila.puigbi/aclab/LAB3/buffer_circular/COMPONENTES/control_interface/COMPONENTES/acceso/puntero/COMPONENTES/prxval/COMPONENTES/mux/CODIGO/mux.vhd, which is not specified as a design file for the current project, but contains definitions for 2 design units and 1 entities in project
    Info (12022): Found design unit 1: mux-compor
    Info (12023): Found entity 1: mux
Info (12128): Elaborating entity "mux" for hierarchy "controlinterface:buffercontrol|acceso:accesoBR|puntero:reg_cola|prxval:prxvalorentpunt|mux:muxent"
Warning (12125): Using design file /dades/david.soldevila.puigbi/aclab/LAB3/buffer_circular/COMPONENTES/control_interface/COMPONENTES/acceso/puntero/COMPONENTES/registro/CODIGO/reg.vhd, which is not specified as a design file for the current project, but contains definitions for 2 design units and 1 entities in project
    Info (12022): Found design unit 1: reg-compor
    Info (12023): Found entity 1: reg
Info (12128): Elaborating entity "reg" for hierarchy "controlinterface:buffercontrol|acceso:accesoBR|puntero:reg_cola|reg:estadopuntero"
Warning (12125): Using design file /dades/david.soldevila.puigbi/aclab/LAB3/buffer_circular/COMPONENTES/control_interface/COMPONENTES/control/CODIGO/control.vhd, which is not specified as a design file for the current project, but contains definitions for 2 design units and 1 entities in project
    Info (12022): Found design unit 1: control-compor
    Info (12023): Found entity 1: control
Info (12128): Elaborating entity "control" for hierarchy "controlinterface:buffercontrol|control:condi_control"
Warning (12125): Using design file /dades/david.soldevila.puigbi/aclab/LAB3/buffer_circular/COMPONENTES/control_interface/COMPONENTES/interface/CODIGO/interface.vhd, which is not specified as a design file for the current project, but contains definitions for 2 design units and 1 entities in project
    Info (12022): Found design unit 1: interface-compor
    Info (12023): Found entity 1: interface
Info (12128): Elaborating entity "interface" for hierarchy "controlinterface:buffercontrol|interface:interfaceC"
Info (276014): Found 1 instances of uninferred RAM logic
    Info (276004): RAM logic "BR:bancoregistros|registros" is uninferred due to inappropriate RAM size
Warning (13024): Output pins are stuck at VCC or GND
    Warning (13410): Pin "listoB" is stuck at VCC
    Warning (13410): Pin "validoB" is stuck at VCC
Info (286030): Timing-Driven Synthesis is running
Info (16010): Generating hard_block partition "hard_block:auto_generated_inst"
    Info (16011): Adding 0 node(s), including 0 DDIO, 0 PLL, 0 transceiver and 0 LCELL
Info (21057): Implemented 142 device resources after synthesis - the final resource count might be different
    Info (21058): Implemented 12 input pins
    Info (21059): Implemented 10 output pins
    Info (21061): Implemented 120 logic cells
Info: Quartus II 32-bit Analysis & Synthesis was successful. 0 errors, 16 warnings
    Info: Peak virtual memory: 394 megabytes
    Info: Processing ended: Tue Apr  2 10:08:33 2019
    Info: Elapsed time: 00:00:46
    Info: Total CPU time (on all processors): 00:00:03


