Flow report for S4bits
Tue Mar 19 00:40:41 2019
Quartus II 64-Bit Version 13.0.1 Build 232 06/12/2013 Service Pack 1 SJ Web Edition


---------------------
; Table of Contents ;
---------------------
  1. Legal Notice
  2. Flow Summary
  3. Flow Settings
  4. Flow Non-Default Global Settings
  5. Flow Elapsed Time
  6. Flow OS Summary
  7. Flow Log
  8. Flow Messages
  9. Flow Suppressed Messages



----------------
; Legal Notice ;
----------------
Copyright (C) 1991-2013 Altera Corporation
Your use of Altera Corporation's design tools, logic functions 
and other software and tools, and its AMPP partner logic 
functions, and any output files from any of the foregoing 
(including device programming or simulation files), and any 
associated documentation or information are expressly subject 
to the terms and conditions of the Altera Program License 
Subscription Agreement, Altera MegaCore Function License 
Agreement, or other applicable license agreement, including, 
without limitation, that your use is for the sole purpose of 
programming logic devices manufactured by Altera and sold by 
Altera or its authorized distributors.  Please refer to the 
applicable agreement for further details.



+--------------------------------------------------------------------------------------+
; Flow Summary                                                                         ;
+------------------------------------+-------------------------------------------------+
; Flow Status                        ; Successful - Tue Mar 19 00:40:41 2019           ;
; Quartus II 64-Bit Version          ; 13.0.1 Build 232 06/12/2013 SP 1 SJ Web Edition ;
; Revision Name                      ; S4bits                                          ;
; Top-level Entity Name              ; S4bits                                          ;
; Family                             ; Cyclone IV GX                                   ;
; Total logic elements               ; 8 / 14,400 ( < 1 % )                            ;
;     Total combinational functions  ; 8 / 14,400 ( < 1 % )                            ;
;     Dedicated logic registers      ; 0 / 14,400 ( 0 % )                              ;
; Total registers                    ; 0                                               ;
; Total pins                         ; 14 / 81 ( 17 % )                                ;
; Total virtual pins                 ; 0                                               ;
; Total memory bits                  ; 0 / 552,960 ( 0 % )                             ;
; Embedded Multiplier 9-bit elements ; 0                                               ;
; Total GXB Receiver Channel PCS     ; 0 / 2 ( 0 % )                                   ;
; Total GXB Receiver Channel PMA     ; 0 / 2 ( 0 % )                                   ;
; Total GXB Transmitter Channel PCS  ; 0 / 2 ( 0 % )                                   ;
; Total GXB Transmitter Channel PMA  ; 0 / 2 ( 0 % )                                   ;
; Total PLLs                         ; 0 / 3 ( 0 % )                                   ;
; Device                             ; EP4CGX15BF14C6                                  ;
; Timing Models                      ; Final                                           ;
+------------------------------------+-------------------------------------------------+


+-----------------------------------------+
; Flow Settings                           ;
+-------------------+---------------------+
; Option            ; Setting             ;
+-------------------+---------------------+
; Start date & time ; 03/19/2019 00:40:10 ;
; Main task         ; Compilation         ;
; Revision Name     ; S4bits              ;
+-------------------+---------------------+


+--------------------------------------------------------------------------------------------------------------------------------------------------+
; Flow Non-Default Global Settings                                                                                                                 ;
+--------------------------------------+------------------------------------------------------------+---------------+-------------+----------------+
; Assignment Name                      ; Value                                                      ; Default Value ; Entity Name ; Section Id     ;
+--------------------------------------+------------------------------------------------------------+---------------+-------------+----------------+
; COMPILER_SIGNATURE_ID                ; 158515245024243.155295241009388                            ; --            ; --          ; --             ;
; EDA_DESIGN_INSTANCE_NAME             ; NA                                                         ; --            ; --          ; prueba         ;
; EDA_NATIVELINK_SIMULATION_TEST_BENCH ; prueba                                                     ; --            ; --          ; eda_simulation ;
; EDA_OUTPUT_DATA_FORMAT               ; Vhdl                                                       ; --            ; --          ; eda_simulation ;
; EDA_SIMULATION_TOOL                  ; ModelSim-Altera (VHDL)                                     ; <None>        ; --          ; --             ;
; EDA_TEST_BENCH_ENABLE_STATUS         ; TEST_BENCH_MODE                                            ; --            ; --          ; eda_simulation ;
; EDA_TEST_BENCH_FILE                  ; ../PRUEBAS/prueba_s4bits.vhd                               ; --            ; --          ; prueba         ;
; EDA_TEST_BENCH_MODULE_NAME           ; prueba_S4bits                                              ; --            ; --          ; prueba         ;
; EDA_TEST_BENCH_NAME                  ; prueba                                                     ; --            ; --          ; eda_simulation ;
; PARTITION_COLOR                      ; 16764057                                                   ; --            ; --          ; Top            ;
; PARTITION_FITTER_PRESERVATION_LEVEL  ; PLACEMENT_AND_ROUTING                                      ; --            ; --          ; Top            ;
; PARTITION_NETLIST_TYPE               ; SOURCE                                                     ; --            ; --          ; Top            ;
; PROJECT_OUTPUT_DIRECTORY             ; output_files                                               ; --            ; --          ; --             ;
; SEARCH_PATH                          ; c:\users\user\desktop\lab2\suma\componentes\sum1bit\codigo ; --            ; --          ; --             ;
+--------------------------------------+------------------------------------------------------------+---------------+-------------+----------------+


+-------------------------------------------------------------------------------------------------------------------------------+
; Flow Elapsed Time                                                                                                             ;
+---------------------------+--------------+-------------------------+---------------------+------------------------------------+
; Module Name               ; Elapsed Time ; Average Processors Used ; Peak Virtual Memory ; Total CPU Time (on all processors) ;
+---------------------------+--------------+-------------------------+---------------------+------------------------------------+
; Analysis & Synthesis      ; 00:00:04     ; 1.0                     ; 4698 MB             ; 00:00:02                           ;
; Fitter                    ; 00:00:12     ; 1.0                     ; 5019 MB             ; 00:00:07                           ;
; Assembler                 ; 00:00:02     ; 1.0                     ; 4629 MB             ; 00:00:01                           ;
; TimeQuest Timing Analyzer ; 00:00:03     ; 1.0                     ; 4637 MB             ; 00:00:02                           ;
; EDA Netlist Writer        ; 00:00:01     ; 1.0                     ; 4583 MB             ; 00:00:01                           ;
; Total                     ; 00:00:22     ; --                      ; --                  ; 00:00:13                           ;
+---------------------------+--------------+-------------------------+---------------------+------------------------------------+


+----------------------------------------------------------------------------------------+
; Flow OS Summary                                                                        ;
+---------------------------+------------------+-----------+------------+----------------+
; Module Name               ; Machine Hostname ; OS Name   ; OS Version ; Processor type ;
+---------------------------+------------------+-----------+------------+----------------+
; Analysis & Synthesis      ; DRAGON           ; Windows 7 ; 6.2        ; x86_64         ;
; Fitter                    ; DRAGON           ; Windows 7 ; 6.2        ; x86_64         ;
; Assembler                 ; DRAGON           ; Windows 7 ; 6.2        ; x86_64         ;
; TimeQuest Timing Analyzer ; DRAGON           ; Windows 7 ; 6.2        ; x86_64         ;
; EDA Netlist Writer        ; DRAGON           ; Windows 7 ; 6.2        ; x86_64         ;
+---------------------------+------------------+-----------+------------+----------------+


------------
; Flow Log ;
------------
quartus_map --read_settings_files=on --write_settings_files=off S4bits -c S4bits
quartus_fit --read_settings_files=off --write_settings_files=off S4bits -c S4bits
quartus_asm --read_settings_files=off --write_settings_files=off S4bits -c S4bits
quartus_sta S4bits -c S4bits
quartus_eda --read_settings_files=off --write_settings_files=off S4bits -c S4bits



